2018-12-19 09:19:29 -Starting lostandfoundApplication on XTZ-01806071735 with PID 10684 (C:\Users\Administrator\Desktop\MyGitHub\bootdo-master\bootdo\target\classes started by Administrator in C:\Users\Administrator\Desktop\MyGitHub\bootdo-master)
2018-12-19 09:19:29 -The following profiles are active: dev
2018-12-19 09:19:29 -Refreshing org.springframework.boot.web.servlet.context.AnnotationConfigServletWebServerApplicationContext@efde75f: startup date [Wed Dec 19 09:19:29 CST 2018]; root of context hierarchy
2018-12-19 09:19:35 -Multiple Spring Data modules found, entering strict repository configuration mode!
2018-12-19 09:19:38 -Bean 'org.springframework.transaction.annotation.ProxyTransactionManagementConfiguration' of type [org.springframework.transaction.annotation.ProxyTransactionManagementConfiguration$$EnhancerBySpringCGLIB$$e4461ff2] is not eligible for getting processed by all BeanPostProcessors (for example: not eligible for auto-proxying)
2018-12-19 09:19:38 -Bean 'shiroConfig' of type [com.lostfound.system.config.ShiroConfig$$EnhancerBySpringCGLIB$$bc5fcacb] is not eligible for getting processed by all BeanPostProcessors (for example: not eligible for auto-proxying)
2018-12-19 09:19:39 -Bean 'userRealm' of type [com.lostfound.system.shiro.UserRealm] is not eligible for getting processed by all BeanPostProcessors (for example: not eligible for auto-proxying)
2018-12-19 09:19:40 -No configuration found. Configuring ehcache from ehcache-failsafe.xml  found in the classpath: jar:file:/C:/Users/Administrator/.m2/repository/net/sf/ehcache/ehcache/2.10.5/ehcache-2.10.5.jar!/ehcache-failsafe.xml
2018-12-19 09:19:40 -Bean 'cacheManager2' of type [net.sf.ehcache.CacheManager] is not eligible for getting processed by all BeanPostProcessors (for example: not eligible for auto-proxying)
2018-12-19 09:19:40 -Bean 'ehCacheManager' of type [org.apache.shiro.cache.ehcache.EhCacheManager] is not eligible for getting processed by all BeanPostProcessors (for example: not eligible for auto-proxying)
2018-12-19 09:19:40 -Cache with name 'com.lostfound.system.shiro.UserRealm.authorizationCache' does not yet exist.  Creating now.
2018-12-19 09:19:40 -Added EhCache named [com.lostfound.system.shiro.UserRealm.authorizationCache]
2018-12-19 09:19:40 -Bean 'sessionDAO' of type [org.apache.shiro.session.mgt.eis.MemorySessionDAO] is not eligible for getting processed by all BeanPostProcessors (for example: not eligible for auto-proxying)
2018-12-19 09:19:40 -Bean 'sessionManager' of type [org.apache.shiro.web.session.mgt.DefaultWebSessionManager] is not eligible for getting processed by all BeanPostProcessors (for example: not eligible for auto-proxying)
2018-12-19 09:19:40 -Bean 'securityManager' of type [org.apache.shiro.web.mgt.DefaultWebSecurityManager] is not eligible for getting processed by all BeanPostProcessors (for example: not eligible for auto-proxying)
2018-12-19 09:19:40 -Bean 'authorizationAttributeSourceAdvisor' of type [org.apache.shiro.spring.security.interceptor.AuthorizationAttributeSourceAdvisor] is not eligible for getting processed by all BeanPostProcessors (for example: not eligible for auto-proxying)
2018-12-19 09:19:41 -Tomcat initialized with port(s): 80 (http)
2018-12-19 09:19:41 -Initializing ProtocolHandler ["http-nio-80"]
2018-12-19 09:19:41 -Starting service [Tomcat]
2018-12-19 09:19:41 -Starting Servlet Engine: Apache Tomcat/8.5.31
2018-12-19 09:19:41 -Loaded APR based Apache Tomcat Native library [1.2.16] using APR version [1.6.3].
2018-12-19 09:19:41 -APR capabilities: IPv6 [true], sendfile [true], accept filters [false], random [true].
2018-12-19 09:19:41 -APR/OpenSSL configuration: useAprConnector [false], useOpenSSL [true]
2018-12-19 09:19:42 -OpenSSL successfully initialized [OpenSSL 1.0.2m  2 Nov 2017]
2018-12-19 09:19:44 -Initializing Spring embedded WebApplicationContext
2018-12-19 09:19:44 -Root WebApplicationContext: initialization completed in 14724 ms
2018-12-19 09:19:45 -Mapping filter: 'characterEncodingFilter' to: [/*]
2018-12-19 09:19:45 -Mapping filter: 'hiddenHttpMethodFilter' to: [/*]
2018-12-19 09:19:45 -Mapping filter: 'httpPutFormContentFilter' to: [/*]
2018-12-19 09:19:45 -Mapping filter: 'requestContextFilter' to: [/*]
2018-12-19 09:19:45 -Filter xssFilter was not registered (disabled)
2018-12-19 09:19:45 -Mapping filter: 'webStatFilter' to urls: [/*]
2018-12-19 09:19:45 -Mapping filter: 'shiroFilterFactoryBean' to: [/*]
2018-12-19 09:19:45 -Servlet statViewServlet mapped to [/druid/*]
2018-12-19 09:19:45 -Servlet dispatcherServlet mapped to [/]
2018-12-19 09:19:46 -{dataSource-1} inited
2018-12-19 09:19:49 -ProcessEngine default created
2018-12-19 09:19:50 -Exception encountered during context initialization - cancelling refresh attempt: org.springframework.boot.context.properties.ConfigurationPropertiesBindException: Error creating bean with name 'bootdoConfig': Could not bind properties to 'BootdoConfig' : prefix=lostandfound, ignoreInvalidFields=false, ignoreUnknownFields=true; nested exception is org.springframework.boot.context.properties.source.InvalidConfigurationPropertyNameException: Configuration property name 'lostandfound' is not valid
2018-12-19 09:19:50 -{dataSource-1} closed
2018-12-19 09:19:50 -Stopping service [Tomcat]
2018-12-19 09:19:50 -

Error starting ApplicationContext. To display the conditions report re-run your application with 'debug' enabled.
2018-12-19 09:19:50 -

***************************
APPLICATION FAILED TO START
***************************

Description:

Configuration property name 'lostandfound' is not valid:

    Invalid characters: 'A', 'F'
    Bean: bootdoConfig
    Reason: Canonical names should be kebab-case ('-' separated), lowercase alpha-numeric characters and must start with a letter

Action:

Modify 'lostandfound' so that it conforms to the canonical names requirements.

2018-12-19 09:25:26 -Starting LostAndFoundApplication on XTZ-01806071735 with PID 2228 (C:\Users\Administrator\Desktop\MyGitHub\bootdo-master\bootdo\target\classes started by Administrator in C:\Users\Administrator\Desktop\MyGitHub\bootdo-master)
2018-12-19 09:25:26 -The following profiles are active: dev
2018-12-19 09:25:27 -Refreshing org.springframework.boot.web.servlet.context.AnnotationConfigServletWebServerApplicationContext@3527942a: startup date [Wed Dec 19 09:25:27 CST 2018]; root of context hierarchy
2018-12-19 09:25:31 -Multiple Spring Data modules found, entering strict repository configuration mode!
2018-12-19 09:25:33 -Bean 'org.springframework.transaction.annotation.ProxyTransactionManagementConfiguration' of type [org.springframework.transaction.annotation.ProxyTransactionManagementConfiguration$$EnhancerBySpringCGLIB$$d17df014] is not eligible for getting processed by all BeanPostProcessors (for example: not eligible for auto-proxying)
2018-12-19 09:25:33 -Bean 'shiroConfig' of type [com.lostfound.system.config.ShiroConfig$$EnhancerBySpringCGLIB$$d0fea6ed] is not eligible for getting processed by all BeanPostProcessors (for example: not eligible for auto-proxying)
2018-12-19 09:25:34 -Bean 'userRealm' of type [com.lostfound.system.shiro.UserRealm] is not eligible for getting processed by all BeanPostProcessors (for example: not eligible for auto-proxying)
2018-12-19 09:25:34 -No configuration found. Configuring ehcache from ehcache-failsafe.xml  found in the classpath: jar:file:/C:/Users/Administrator/.m2/repository/net/sf/ehcache/ehcache/2.10.5/ehcache-2.10.5.jar!/ehcache-failsafe.xml
2018-12-19 09:25:34 -Bean 'cacheManager2' of type [net.sf.ehcache.CacheManager] is not eligible for getting processed by all BeanPostProcessors (for example: not eligible for auto-proxying)
2018-12-19 09:25:34 -Bean 'ehCacheManager' of type [org.apache.shiro.cache.ehcache.EhCacheManager] is not eligible for getting processed by all BeanPostProcessors (for example: not eligible for auto-proxying)
2018-12-19 09:25:34 -Cache with name 'com.lostfound.system.shiro.UserRealm.authorizationCache' does not yet exist.  Creating now.
2018-12-19 09:25:34 -Added EhCache named [com.lostfound.system.shiro.UserRealm.authorizationCache]
2018-12-19 09:25:34 -Bean 'sessionDAO' of type [org.apache.shiro.session.mgt.eis.MemorySessionDAO] is not eligible for getting processed by all BeanPostProcessors (for example: not eligible for auto-proxying)
2018-12-19 09:25:34 -Bean 'sessionManager' of type [org.apache.shiro.web.session.mgt.DefaultWebSessionManager] is not eligible for getting processed by all BeanPostProcessors (for example: not eligible for auto-proxying)
2018-12-19 09:25:34 -Bean 'securityManager' of type [org.apache.shiro.web.mgt.DefaultWebSecurityManager] is not eligible for getting processed by all BeanPostProcessors (for example: not eligible for auto-proxying)
2018-12-19 09:25:34 -Bean 'authorizationAttributeSourceAdvisor' of type [org.apache.shiro.spring.security.interceptor.AuthorizationAttributeSourceAdvisor] is not eligible for getting processed by all BeanPostProcessors (for example: not eligible for auto-proxying)
2018-12-19 09:25:35 -Tomcat initialized with port(s): 80 (http)
2018-12-19 09:25:35 -Initializing ProtocolHandler ["http-nio-80"]
2018-12-19 09:25:35 -Starting service [Tomcat]
2018-12-19 09:25:35 -Starting Servlet Engine: Apache Tomcat/8.5.31
2018-12-19 09:25:35 -Loaded APR based Apache Tomcat Native library [1.2.16] using APR version [1.6.3].
2018-12-19 09:25:35 -APR capabilities: IPv6 [true], sendfile [true], accept filters [false], random [true].
2018-12-19 09:25:35 -APR/OpenSSL configuration: useAprConnector [false], useOpenSSL [true]
2018-12-19 09:25:36 -OpenSSL successfully initialized [OpenSSL 1.0.2m  2 Nov 2017]
2018-12-19 09:25:37 -Initializing Spring embedded WebApplicationContext
2018-12-19 09:25:37 -Root WebApplicationContext: initialization completed in 10120 ms
2018-12-19 09:25:37 -Mapping filter: 'characterEncodingFilter' to: [/*]
2018-12-19 09:25:37 -Mapping filter: 'hiddenHttpMethodFilter' to: [/*]
2018-12-19 09:25:37 -Mapping filter: 'httpPutFormContentFilter' to: [/*]
2018-12-19 09:25:37 -Mapping filter: 'requestContextFilter' to: [/*]
2018-12-19 09:25:37 -Filter xssFilter was not registered (disabled)
2018-12-19 09:25:37 -Mapping filter: 'webStatFilter' to urls: [/*]
2018-12-19 09:25:37 -Mapping filter: 'shiroFilterFactoryBean' to: [/*]
2018-12-19 09:25:37 -Servlet statViewServlet mapped to [/druid/*]
2018-12-19 09:25:37 -Servlet dispatcherServlet mapped to [/]
2018-12-19 09:25:38 -{dataSource-1} inited
2018-12-19 09:25:41 -ProcessEngine default created
2018-12-19 09:25:43 -Using default implementation for ThreadExecutor
2018-12-19 09:25:43 -Initialized Scheduler Signaller of type: class org.quartz.core.SchedulerSignalerImpl
2018-12-19 09:25:43 -Quartz Scheduler v.2.2.1 created.
2018-12-19 09:25:43 -RAMJobStore initialized.
2018-12-19 09:25:43 -Scheduler meta-data: Quartz Scheduler (v2.2.1) 'schedulerFactoryBean' with instanceId 'NON_CLUSTERED'
  Scheduler class: 'org.quartz.core.QuartzScheduler' - running locally.
  NOT STARTED.
  Currently in standby mode.
  Number of jobs executed: 0
  Using thread pool 'org.quartz.simpl.SimpleThreadPool' - with 10 threads.
  Using job-store 'org.quartz.simpl.RAMJobStore' - which does not support persistence. and is not clustered.

2018-12-19 09:25:43 -Quartz scheduler 'schedulerFactoryBean' initialized from an externally provided properties instance.
2018-12-19 09:25:43 -Quartz scheduler version: 2.2.1
2018-12-19 09:25:43 -JobFactory set to: com.lostfound.common.quartz.factory.JobFactory@7a1ddbf1
2018-12-19 09:25:43 -Initializing ExecutorService  'clientInboundChannelExecutor'
2018-12-19 09:25:43 -Initializing ExecutorService  'clientOutboundChannelExecutor'
2018-12-19 09:25:44 -Mapped "{[/activiti/model/{id}],methods=[DELETE]}" onto public com.lostfound.common.utils.R com.lostfound.activiti.controller.ModelController.remove(java.lang.String)
2018-12-19 09:25:44 -Mapped "{[/activiti/model/list],methods=[GET]}" onto com.lostfound.common.utils.PageUtils com.lostfound.activiti.controller.ModelController.list(int,int)
2018-12-19 09:25:44 -Mapped "{[/activiti/model/batchRemove],methods=[POST]}" onto public com.lostfound.common.utils.R com.lostfound.activiti.controller.ModelController.batchRemove(java.lang.String[])
2018-12-19 09:25:44 -Mapped "{[/activiti/model/deploy/{id}],methods=[POST]}" onto public com.lostfound.common.utils.R com.lostfound.activiti.controller.ModelController.deploy(java.lang.String) throws java.lang.Exception
2018-12-19 09:25:44 -Mapped "{[/activiti/model/add]}" onto public void com.lostfound.activiti.controller.ModelController.newModel(javax.servlet.http.HttpServletResponse) throws java.io.UnsupportedEncodingException
2018-12-19 09:25:44 -Mapped "{[/activiti/editor/stencilset],methods=[GET],produces=[application/json;charset=utf-8]}" onto public java.lang.String com.lostfound.activiti.controller.ModelController.getStencilset()
2018-12-19 09:25:44 -Mapped "{[/activiti/model/edit/{id}],methods=[GET]}" onto public void com.lostfound.activiti.controller.ModelController.edit(javax.servlet.http.HttpServletResponse,java.lang.String)
2018-12-19 09:25:44 -Mapped "{[/activiti/model/{modelId}/json],methods=[GET]}" onto public com.fasterxml.jackson.databind.node.ObjectNode com.lostfound.activiti.controller.ModelController.getEditorJson(java.lang.String)
2018-12-19 09:25:44 -Mapped "{[/activiti/model/{modelId}/save],methods=[PUT]}" onto public void com.lostfound.activiti.controller.ModelController.saveModel(java.lang.String,java.lang.String,java.lang.String,java.lang.String,java.lang.String)
2018-12-19 09:25:44 -Mapped "{[/activiti/model/export/{id}],methods=[GET]}" onto public void com.lostfound.activiti.controller.ModelController.exportToXml(java.lang.String,javax.servlet.http.HttpServletResponse)
2018-12-19 09:25:44 -Mapped "{[/activiti/model],methods=[GET]}" onto org.springframework.web.servlet.ModelAndView com.lostfound.activiti.controller.ModelController.model()
2018-12-19 09:25:44 -Mapped "{[/activiti/process/add],methods=[GET]}" onto public org.springframework.web.servlet.ModelAndView com.lostfound.activiti.controller.ProcessController.add()
2018-12-19 09:25:44 -Mapped "{[/activiti/process/remove],methods=[POST]}" onto public com.lostfound.common.utils.R com.lostfound.activiti.controller.ProcessController.remove(java.lang.String)
2018-12-19 09:25:44 -Mapped "{[/activiti/process/list],methods=[GET]}" onto com.lostfound.common.utils.PageUtils com.lostfound.activiti.controller.ProcessController.list(int,int)
2018-12-19 09:25:44 -Mapped "{[/activiti/process/batchRemove],methods=[POST]}" onto public com.lostfound.common.utils.R com.lostfound.activiti.controller.ProcessController.batchRemove(java.lang.String[])
2018-12-19 09:25:44 -Mapped "{[/activiti/process],methods=[GET]}" onto org.springframework.web.servlet.ModelAndView com.lostfound.activiti.controller.ProcessController.process()
2018-12-19 09:25:44 -Mapped "{[/activiti/process/save],methods=[POST]}" onto public com.lostfound.common.utils.R com.lostfound.activiti.controller.ProcessController.deploy(java.lang.String,java.lang.String,org.springframework.web.multipart.MultipartFile)
2018-12-19 09:25:44 -Mapped "{[/activiti/process/convertToModel/{procDefId}]}" onto public com.lostfound.common.utils.R com.lostfound.activiti.controller.ProcessController.convertToModel(java.lang.String,org.springframework.web.servlet.mvc.support.RedirectAttributes) throws java.io.UnsupportedEncodingException,javax.xml.stream.XMLStreamException
2018-12-19 09:25:44 -Mapped "{[/activiti/process/resource/read/{xml}/{id}]}" onto public void com.lostfound.activiti.controller.ProcessController.resourceRead(java.lang.String,java.lang.String,javax.servlet.http.HttpServletResponse) throws java.lang.Exception
2018-12-19 09:25:44 -Mapped "{[/act/salary/form],methods=[GET]}" onto java.lang.String com.lostfound.activiti.controller.SalaryController.add()
2018-12-19 09:25:44 -Mapped "{[/act/salary/remove],methods=[POST]}" onto public com.lostfound.common.utils.R com.lostfound.activiti.controller.SalaryController.remove(java.lang.String)
2018-12-19 09:25:44 -Mapped "{[/act/salary/batchRemove],methods=[POST]}" onto public com.lostfound.common.utils.R com.lostfound.activiti.controller.SalaryController.remove(java.lang.String[])
2018-12-19 09:25:44 -Mapped "{[/act/salary/update]}" onto public com.lostfound.common.utils.R com.lostfound.activiti.controller.SalaryController.update(com.lostfound.activiti.domain.SalaryDO)
2018-12-19 09:25:44 -Mapped "{[/act/salary/list],methods=[GET]}" onto public com.lostfound.common.utils.PageUtils com.lostfound.activiti.controller.SalaryController.list(java.util.Map<java.lang.String, java.lang.Object>)
2018-12-19 09:25:44 -Mapped "{[/act/salary/form/{taskId}],methods=[GET]}" onto java.lang.String com.lostfound.activiti.controller.SalaryController.edit(java.lang.String,org.springframework.ui.Model)
2018-12-19 09:25:44 -Mapped "{[/act/salary/save],methods=[POST]}" onto public com.lostfound.common.utils.R com.lostfound.activiti.controller.SalaryController.saveOrUpdate(com.lostfound.activiti.domain.SalaryDO)
2018-12-19 09:25:44 -Mapped "{[/act/salary],methods=[GET]}" onto java.lang.String com.lostfound.activiti.controller.SalaryController.Salary()
2018-12-19 09:25:44 -Mapped "{[/activiti/task/form/{procDefId}/{taskId}],methods=[GET]}" onto public void com.lostfound.activiti.controller.TaskController.form(java.lang.String,java.lang.String,javax.servlet.http.HttpServletResponse) throws java.io.IOException
2018-12-19 09:25:44 -Mapped "{[/activiti/task/gotoList],methods=[GET]}" onto com.lostfound.common.utils.PageUtils com.lostfound.activiti.controller.TaskController.list(int,int)
2018-12-19 09:25:44 -Mapped "{[/activiti/task/todo],methods=[GET]}" onto org.springframework.web.servlet.ModelAndView com.lostfound.activiti.controller.TaskController.todo()
2018-12-19 09:25:44 -Mapped "{[/activiti/task/goto],methods=[GET]}" onto public org.springframework.web.servlet.ModelAndView com.lostfound.activiti.controller.TaskController.gotoTask()
2018-12-19 09:25:44 -Mapped "{[/activiti/task/trace/photo/{procDefId}/{execId}]}" onto public void com.lostfound.activiti.controller.TaskController.tracePhoto(java.lang.String,java.lang.String,javax.servlet.http.HttpServletResponse) throws java.lang.Exception
2018-12-19 09:25:45 -Mapped "{[/activiti/task/form/{procDefId}],methods=[GET]}" onto public void com.lostfound.activiti.controller.TaskController.startForm(java.lang.String,javax.servlet.http.HttpServletResponse) throws java.io.IOException
2018-12-19 09:25:45 -Mapped "{[/activiti/task/todoList],methods=[GET]}" onto java.util.List<com.lostfound.activiti.vo.TaskVO> com.lostfound.activiti.controller.TaskController.todoList()
2018-12-19 09:25:45 -Mapped "{[/blog/open/page/{categories}],methods=[GET]}" onto java.lang.String com.lostfound.blog.controller.BlogController.about(java.lang.String,org.springframework.ui.Model)
2018-12-19 09:25:45 -Mapped "{[/blog/open/list],methods=[GET]}" onto public com.lostfound.common.utils.PageUtils com.lostfound.blog.controller.BlogController.opentList(java.util.Map<java.lang.String, java.lang.Object>)
2018-12-19 09:25:45 -Mapped "{[/blog],methods=[GET]}" onto java.lang.String com.lostfound.blog.controller.BlogController.blog()
2018-12-19 09:25:45 -Mapped "{[/blog/open/post/{cid}],methods=[GET]}" onto java.lang.String com.lostfound.blog.controller.BlogController.post(java.lang.Long,org.springframework.ui.Model)
2018-12-19 09:25:45 -Mapped "{[/blog/bContent/add],methods=[GET]}" onto java.lang.String com.lostfound.blog.controller.ContentController.add()
2018-12-19 09:25:45 -Mapped "{[/blog/bContent/remove],methods=[POST]}" onto public com.lostfound.common.utils.R com.lostfound.blog.controller.ContentController.remove(java.lang.Long)
2018-12-19 09:25:45 -Mapped "{[/blog/bContent/batchRemove],methods=[POST]}" onto public com.lostfound.common.utils.R com.lostfound.blog.controller.ContentController.remove(java.lang.Long[])
2018-12-19 09:25:45 -Mapped "{[/blog/bContent/update]}" onto public com.lostfound.common.utils.R com.lostfound.blog.controller.ContentController.update(com.lostfound.blog.domain.ContentDO)
2018-12-19 09:25:45 -Mapped "{[/blog/bContent/list],methods=[GET]}" onto public com.lostfound.common.utils.PageUtils com.lostfound.blog.controller.ContentController.list(java.util.Map<java.lang.String, java.lang.Object>)
2018-12-19 09:25:45 -Mapped "{[/blog/bContent/save],methods=[POST]}" onto public com.lostfound.common.utils.R com.lostfound.blog.controller.ContentController.save(com.lostfound.blog.domain.ContentDO)
2018-12-19 09:25:45 -Mapped "{[/blog/bContent/edit/{cid}],methods=[GET]}" onto java.lang.String com.lostfound.blog.controller.ContentController.edit(java.lang.Long,org.springframework.ui.Model)
2018-12-19 09:25:45 -Mapped "{[/blog/bContent],methods=[GET]}" onto java.lang.String com.lostfound.blog.controller.ContentController.bContent()
2018-12-19 09:25:45 -Mapped "{[/common/dict/add],methods=[GET]}" onto java.lang.String com.lostfound.common.controller.DictController.add()
2018-12-19 09:25:45 -Mapped "{[/common/dict/remove],methods=[POST]}" onto public com.lostfound.common.utils.R com.lostfound.common.controller.DictController.remove(java.lang.Long)
2018-12-19 09:25:45 -Mapped "{[/common/dict/batchRemove],methods=[POST]}" onto public com.lostfound.common.utils.R com.lostfound.common.controller.DictController.remove(java.lang.Long[])
2018-12-19 09:25:45 -Mapped "{[/common/dict/update]}" onto public com.lostfound.common.utils.R com.lostfound.common.controller.DictController.update(com.lostfound.common.domain.DictDO)
2018-12-19 09:25:45 -Mapped "{[/common/dict/list],methods=[GET]}" onto public com.lostfound.common.utils.PageUtils com.lostfound.common.controller.DictController.list(java.util.Map<java.lang.String, java.lang.Object>)
2018-12-19 09:25:45 -Mapped "{[/common/dict/save],methods=[POST]}" onto public com.lostfound.common.utils.R com.lostfound.common.controller.DictController.save(com.lostfound.common.domain.DictDO)
2018-12-19 09:25:45 -Mapped "{[/common/dict/edit/{id}],methods=[GET]}" onto java.lang.String com.lostfound.common.controller.DictController.edit(java.lang.Long,org.springframework.ui.Model)
2018-12-19 09:25:45 -Mapped "{[/common/dict/type],methods=[GET]}" onto public java.util.List<com.lostfound.common.domain.DictDO> com.lostfound.common.controller.DictController.listType()
2018-12-19 09:25:45 -Mapped "{[/common/dict/list/{type}],methods=[GET]}" onto public java.util.List<com.lostfound.common.domain.DictDO> com.lostfound.common.controller.DictController.listByType(java.lang.String)
2018-12-19 09:25:45 -Mapped "{[/common/dict],methods=[GET]}" onto java.lang.String com.lostfound.common.controller.DictController.dict()
2018-12-19 09:25:45 -Mapped "{[/common/dict/add/{type}/{description}],methods=[GET]}" onto java.lang.String com.lostfound.common.controller.DictController.addD(org.springframework.ui.Model,java.lang.String,java.lang.String)
2018-12-19 09:25:45 -Mapped "{[/common/sysFile/add],methods=[GET]}" onto java.lang.String com.lostfound.common.controller.FileController.add()
2018-12-19 09:25:45 -Mapped "{[/common/sysFile/remove],methods=[POST]}" onto public com.lostfound.common.utils.R com.lostfound.common.controller.FileController.remove(java.lang.Long,javax.servlet.http.HttpServletRequest)
2018-12-19 09:25:45 -Mapped "{[/common/sysFile/batchRemove],methods=[POST]}" onto public com.lostfound.common.utils.R com.lostfound.common.controller.FileController.remove(java.lang.Long[])
2018-12-19 09:25:45 -Mapped "{[/common/sysFile/update]}" onto public com.lostfound.common.utils.R com.lostfound.common.controller.FileController.update(com.lostfound.common.domain.FileDO)
2018-12-19 09:25:45 -Mapped "{[/common/sysFile/list],methods=[GET]}" onto public com.lostfound.common.utils.PageUtils com.lostfound.common.controller.FileController.list(java.util.Map<java.lang.String, java.lang.Object>)
2018-12-19 09:25:45 -Mapped "{[/common/sysFile/save],methods=[POST]}" onto public com.lostfound.common.utils.R com.lostfound.common.controller.FileController.save(com.lostfound.common.domain.FileDO)
2018-12-19 09:25:45 -Mapped "{[/common/sysFile/info/{id}]}" onto public com.lostfound.common.utils.R com.lostfound.common.controller.FileController.info(java.lang.Long)
2018-12-19 09:25:45 -Mapped "{[/common/sysFile/edit],methods=[GET]}" onto java.lang.String com.lostfound.common.controller.FileController.edit(java.lang.Long,org.springframework.ui.Model)
2018-12-19 09:25:45 -Mapped "{[/common/sysFile],methods=[GET]}" onto java.lang.String com.lostfound.common.controller.FileController.sysFile(org.springframework.ui.Model)
2018-12-19 09:25:45 -Mapped "{[/common/sysFile/upload],methods=[POST]}" onto com.lostfound.common.utils.R com.lostfound.common.controller.FileController.upload(org.springframework.web.multipart.MultipartFile,javax.servlet.http.HttpServletRequest)
2018-12-19 09:25:45 -Mapped "{[/common/generator/update],methods=[POST]}" onto com.lostfound.common.utils.R com.lostfound.common.controller.GeneratorController.update(java.util.Map<java.lang.String, java.lang.Object>)
2018-12-19 09:25:45 -Mapped "{[/common/generator/list],methods=[GET]}" onto java.util.List<java.util.Map<java.lang.String, java.lang.Object>> com.lostfound.common.controller.GeneratorController.list()
2018-12-19 09:25:45 -Mapped "{[/common/generator/code/{tableName}]}" onto public void com.lostfound.common.controller.GeneratorController.code(javax.servlet.http.HttpServletRequest,javax.servlet.http.HttpServletResponse,java.lang.String) throws java.io.IOException
2018-12-19 09:25:45 -Mapped "{[/common/generator/edit],methods=[GET]}" onto public java.lang.String com.lostfound.common.controller.GeneratorController.edit(org.springframework.ui.Model)
2018-12-19 09:25:45 -Mapped "{[/common/generator],methods=[GET]}" onto java.lang.String com.lostfound.common.controller.GeneratorController.generator()
2018-12-19 09:25:45 -Mapped "{[/common/generator/batchCode]}" onto public void com.lostfound.common.controller.GeneratorController.batchCode(javax.servlet.http.HttpServletRequest,javax.servlet.http.HttpServletResponse,java.lang.String) throws java.io.IOException
2018-12-19 09:25:45 -Mapped "{[/common/job/add],methods=[GET]}" onto java.lang.String com.lostfound.common.controller.JobController.add()
2018-12-19 09:25:45 -Mapped "{[/common/job/remove],methods=[POST]}" onto public com.lostfound.common.utils.R com.lostfound.common.controller.JobController.remove(java.lang.Long)
2018-12-19 09:25:45 -Mapped "{[/common/job/batchRemove],methods=[POST]}" onto public com.lostfound.common.utils.R com.lostfound.common.controller.JobController.remove(java.lang.Long[])
2018-12-19 09:25:45 -Mapped "{[/common/job/update],methods=[POST]}" onto public com.lostfound.common.utils.R com.lostfound.common.controller.JobController.update(com.lostfound.common.domain.TaskDO)
2018-12-19 09:25:45 -Mapped "{[/common/job/list],methods=[GET]}" onto public com.lostfound.common.utils.PageUtils com.lostfound.common.controller.JobController.list(java.util.Map<java.lang.String, java.lang.Object>)
2018-12-19 09:25:45 -Mapped "{[/common/job/save],methods=[POST]}" onto public com.lostfound.common.utils.R com.lostfound.common.controller.JobController.save(com.lostfound.common.domain.TaskDO)
2018-12-19 09:25:45 -Mapped "{[/common/job/info/{id}]}" onto public com.lostfound.common.utils.R com.lostfound.common.controller.JobController.info(java.lang.Long)
2018-12-19 09:25:45 -Mapped "{[/common/job/edit/{id}],methods=[GET]}" onto java.lang.String com.lostfound.common.controller.JobController.edit(java.lang.Long,org.springframework.ui.Model)
2018-12-19 09:25:45 -Mapped "{[/common/job],methods=[GET]}" onto java.lang.String com.lostfound.common.controller.JobController.taskScheduleJob()
2018-12-19 09:25:45 -Mapped "{[/common/job/changeJobStatus],methods=[POST]}" onto public com.lostfound.common.utils.R com.lostfound.common.controller.JobController.changeJobStatus(java.lang.Long,java.lang.String)
2018-12-19 09:25:45 -Mapped "{[/common/log/remove],methods=[POST]}" onto com.lostfound.common.utils.R com.lostfound.common.controller.LogController.remove(java.lang.Long)
2018-12-19 09:25:45 -Mapped "{[/common/log],methods=[GET]}" onto java.lang.String com.lostfound.common.controller.LogController.log()
2018-12-19 09:25:45 -Mapped "{[/common/log/list],methods=[GET]}" onto com.lostfound.common.domain.PageDO<com.lostfound.common.domain.LogDO> com.lostfound.common.controller.LogController.list(java.util.Map<java.lang.String, java.lang.Object>)
2018-12-19 09:25:45 -Mapped "{[/common/log/batchRemove],methods=[POST]}" onto com.lostfound.common.utils.R com.lostfound.common.controller.LogController.batchRemove(java.lang.Long[])
2018-12-19 09:25:45 -Mapped "{[/error]}" onto public com.lostfound.common.utils.R com.lostfound.common.exception.MainsiteErrorController.handleError(javax.servlet.http.HttpServletRequest,javax.servlet.http.HttpServletResponse)
2018-12-19 09:25:45 -Mapped "{[/error],produces=[text/html]}" onto public org.springframework.web.servlet.ModelAndView com.lostfound.common.exception.MainsiteErrorController.errorHtml(javax.servlet.http.HttpServletRequest,javax.servlet.http.HttpServletResponse)
2018-12-19 09:25:45 -Mapped "{[/oa/notify/add],methods=[GET]}" onto java.lang.String com.lostfound.oa.controller.NotifyController.add()
2018-12-19 09:25:45 -Mapped "{[/oa/notify/remove],methods=[POST]}" onto public com.lostfound.common.utils.R com.lostfound.oa.controller.NotifyController.remove(java.lang.Long)
2018-12-19 09:25:45 -Mapped "{[/oa/notify/batchRemove],methods=[POST]}" onto public com.lostfound.common.utils.R com.lostfound.oa.controller.NotifyController.remove(java.lang.Long[])
2018-12-19 09:25:45 -Mapped "{[/oa/notify/update]}" onto public com.lostfound.common.utils.R com.lostfound.oa.controller.NotifyController.update(com.lostfound.oa.domain.NotifyDO)
2018-12-19 09:25:45 -Mapped "{[/oa/notify/read/{id}],methods=[GET]}" onto java.lang.String com.lostfound.oa.controller.NotifyController.read(java.lang.Long,org.springframework.ui.Model)
2018-12-19 09:25:45 -Mapped "{[/oa/notify/list],methods=[GET]}" onto public com.lostfound.common.utils.PageUtils com.lostfound.oa.controller.NotifyController.list(java.util.Map<java.lang.String, java.lang.Object>)
2018-12-19 09:25:45 -Mapped "{[/oa/notify/save],methods=[POST]}" onto public com.lostfound.common.utils.R com.lostfound.oa.controller.NotifyController.save(com.lostfound.oa.domain.NotifyDO)
2018-12-19 09:25:45 -Mapped "{[/oa/notify/message],methods=[GET]}" onto com.lostfound.common.utils.PageUtils com.lostfound.oa.controller.NotifyController.message()
2018-12-19 09:25:45 -Mapped "{[/oa/notify/edit/{id}],methods=[GET]}" onto java.lang.String com.lostfound.oa.controller.NotifyController.edit(java.lang.Long,org.springframework.ui.Model)
2018-12-19 09:25:45 -Mapped "{[/oa/notify/selfList],methods=[GET]}" onto com.lostfound.common.utils.PageUtils com.lostfound.oa.controller.NotifyController.selfList(java.util.Map<java.lang.String, java.lang.Object>)
2018-12-19 09:25:45 -Mapped "{[/oa/notify/selfNotify],methods=[GET]}" onto java.lang.String com.lostfound.oa.controller.NotifyController.selefNotify()
2018-12-19 09:25:45 -Mapped "{[/oa/notify],methods=[GET]}" onto java.lang.String com.lostfound.oa.controller.NotifyController.oaNotify()
2018-12-19 09:25:45 -Mapped "{[/system/sysDept/add/{pId}],methods=[GET]}" onto java.lang.String com.lostfound.system.controller.DeptController.add(java.lang.Long,org.springframework.ui.Model)
2018-12-19 09:25:45 -Mapped "{[/system/sysDept/remove],methods=[POST]}" onto public com.lostfound.common.utils.R com.lostfound.system.controller.DeptController.remove(java.lang.Long)
2018-12-19 09:25:45 -Mapped "{[/system/sysDept/batchRemove],methods=[POST]}" onto public com.lostfound.common.utils.R com.lostfound.system.controller.DeptController.remove(java.lang.Long[])
2018-12-19 09:25:45 -Mapped "{[/system/sysDept/update]}" onto public com.lostfound.common.utils.R com.lostfound.system.controller.DeptController.update(com.lostfound.system.domain.DeptDO)
2018-12-19 09:25:45 -Mapped "{[/system/sysDept/list],methods=[GET]}" onto public java.util.List<com.lostfound.system.domain.DeptDO> com.lostfound.system.controller.DeptController.list()
2018-12-19 09:25:45 -Mapped "{[/system/sysDept/save],methods=[POST]}" onto public com.lostfound.common.utils.R com.lostfound.system.controller.DeptController.save(com.lostfound.system.domain.DeptDO)
2018-12-19 09:25:45 -Mapped "{[/system/sysDept/tree],methods=[GET]}" onto public com.lostfound.common.domain.Tree<com.lostfound.system.domain.DeptDO> com.lostfound.system.controller.DeptController.tree()
2018-12-19 09:25:45 -Mapped "{[/system/sysDept/edit/{deptId}],methods=[GET]}" onto java.lang.String com.lostfound.system.controller.DeptController.edit(java.lang.Long,org.springframework.ui.Model)
2018-12-19 09:25:45 -Mapped "{[/system/sysDept/treeView],methods=[GET]}" onto java.lang.String com.lostfound.system.controller.DeptController.treeView()
2018-12-19 09:25:45 -Mapped "{[/system/sysDept],methods=[GET]}" onto java.lang.String com.lostfound.system.controller.DeptController.dept()
2018-12-19 09:25:45 -Mapped "{[/index],methods=[GET]}" onto java.lang.String com.lostfound.system.controller.LoginController.index(org.springframework.ui.Model)
2018-12-19 09:25:45 -Mapped "{[/main],methods=[GET]}" onto java.lang.String com.lostfound.system.controller.LoginController.main()
2018-12-19 09:25:45 -Mapped "{[/login || / || ],methods=[GET]}" onto java.lang.String com.lostfound.system.controller.LoginController.login()
2018-12-19 09:25:45 -Mapped "{[/logout],methods=[GET]}" onto java.lang.String com.lostfound.system.controller.LoginController.logout()
2018-12-19 09:25:45 -Mapped "{[/login],methods=[POST]}" onto com.lostfound.common.utils.R com.lostfound.system.controller.LoginController.ajaxLogin(java.lang.String,java.lang.String)
2018-12-19 09:25:45 -Mapped "{[/sys/menu/add/{pId}],methods=[GET]}" onto java.lang.String com.lostfound.system.controller.MenuController.add(org.springframework.ui.Model,java.lang.Long)
2018-12-19 09:25:45 -Mapped "{[/sys/menu/remove],methods=[POST]}" onto com.lostfound.common.utils.R com.lostfound.system.controller.MenuController.remove(java.lang.Long)
2018-12-19 09:25:45 -Mapped "{[/sys/menu/update],methods=[POST]}" onto com.lostfound.common.utils.R com.lostfound.system.controller.MenuController.update(com.lostfound.system.domain.MenuDO)
2018-12-19 09:25:45 -Mapped "{[/sys/menu/list]}" onto java.util.List<com.lostfound.system.domain.MenuDO> com.lostfound.system.controller.MenuController.list(java.util.Map<java.lang.String, java.lang.Object>)
2018-12-19 09:25:45 -Mapped "{[/sys/menu/save],methods=[POST]}" onto com.lostfound.common.utils.R com.lostfound.system.controller.MenuController.save(com.lostfound.system.domain.MenuDO)
2018-12-19 09:25:45 -Mapped "{[/sys/menu/tree/{roleId}],methods=[GET]}" onto com.lostfound.common.domain.Tree<com.lostfound.system.domain.MenuDO> com.lostfound.system.controller.MenuController.tree(java.lang.Long)
2018-12-19 09:25:45 -Mapped "{[/sys/menu/tree],methods=[GET]}" onto com.lostfound.common.domain.Tree<com.lostfound.system.domain.MenuDO> com.lostfound.system.controller.MenuController.tree()
2018-12-19 09:25:45 -Mapped "{[/sys/menu/edit/{id}],methods=[GET]}" onto java.lang.String com.lostfound.system.controller.MenuController.edit(org.springframework.ui.Model,java.lang.Long)
2018-12-19 09:25:45 -Mapped "{[/sys/menu],methods=[GET]}" onto java.lang.String com.lostfound.system.controller.MenuController.menu(org.springframework.ui.Model)
2018-12-19 09:25:45 -Mapped "{[/sys/role/add],methods=[GET]}" onto java.lang.String com.lostfound.system.controller.RoleController.add()
2018-12-19 09:25:45 -Mapped "{[/sys/role/update],methods=[POST]}" onto com.lostfound.common.utils.R com.lostfound.system.controller.RoleController.update(com.lostfound.system.domain.RoleDO)
2018-12-19 09:25:45 -Mapped "{[/sys/role/list],methods=[GET]}" onto java.util.List<com.lostfound.system.domain.RoleDO> com.lostfound.system.controller.RoleController.list()
2018-12-19 09:25:45 -Mapped "{[/sys/role/remove],methods=[POST]}" onto com.lostfound.common.utils.R com.lostfound.system.controller.RoleController.save(java.lang.Long)
2018-12-19 09:25:45 -Mapped "{[/sys/role/save],methods=[POST]}" onto com.lostfound.common.utils.R com.lostfound.system.controller.RoleController.save(com.lostfound.system.domain.RoleDO)
2018-12-19 09:25:45 -Mapped "{[/sys/role/batchRemove],methods=[POST]}" onto com.lostfound.common.utils.R com.lostfound.system.controller.RoleController.batchRemove(java.lang.Long[])
2018-12-19 09:25:45 -Mapped "{[/sys/role/edit/{id}],methods=[GET]}" onto java.lang.String com.lostfound.system.controller.RoleController.edit(java.lang.Long,org.springframework.ui.Model)
2018-12-19 09:25:45 -Mapped "{[/sys/role],methods=[GET]}" onto java.lang.String com.lostfound.system.controller.RoleController.role()
2018-12-19 09:25:45 -Mapped "{[/sys/online/list]}" onto public java.util.List<com.lostfound.system.domain.UserOnline> com.lostfound.system.controller.SessionController.list()
2018-12-19 09:25:45 -Mapped "{[/sys/online],methods=[GET]}" onto public java.lang.String com.lostfound.system.controller.SessionController.online()
2018-12-19 09:25:45 -Mapped "{[/sys/online/forceLogout/{sessionId}]}" onto public com.lostfound.common.utils.R com.lostfound.system.controller.SessionController.forceLogout(java.lang.String,org.springframework.web.servlet.mvc.support.RedirectAttributes)
2018-12-19 09:25:45 -Mapped "{[/sys/online/sessionList]}" onto public java.util.Collection<org.apache.shiro.session.Session> com.lostfound.system.controller.SessionController.sessionList()
2018-12-19 09:25:45 -Mapped "{[/sys/user/exit],methods=[POST]}" onto boolean com.lostfound.system.controller.UserController.exit(java.util.Map<java.lang.String, java.lang.Object>)
2018-12-19 09:25:45 -Mapped "{[/sys/user/add],methods=[GET]}" onto java.lang.String com.lostfound.system.controller.UserController.add(org.springframework.ui.Model)
2018-12-19 09:25:45 -Mapped "{[/sys/user/remove],methods=[POST]}" onto com.lostfound.common.utils.R com.lostfound.system.controller.UserController.remove(java.lang.Long)
2018-12-19 09:25:45 -Mapped "{[/sys/user/update],methods=[POST]}" onto com.lostfound.common.utils.R com.lostfound.system.controller.UserController.update(com.lostfound.system.domain.UserDO)
2018-12-19 09:25:45 -Mapped "{[/sys/user/list],methods=[GET]}" onto com.lostfound.common.utils.PageUtils com.lostfound.system.controller.UserController.list(java.util.Map<java.lang.String, java.lang.Object>)
2018-12-19 09:25:45 -Mapped "{[/sys/user/save],methods=[POST]}" onto com.lostfound.common.utils.R com.lostfound.system.controller.UserController.save(com.lostfound.system.domain.UserDO)
2018-12-19 09:25:45 -Mapped "{[/sys/user/batchRemove],methods=[POST]}" onto com.lostfound.common.utils.R com.lostfound.system.controller.UserController.batchRemove(java.lang.Long[])
2018-12-19 09:25:45 -Mapped "{[/sys/user/tree],methods=[GET]}" onto public com.lostfound.common.domain.Tree<com.lostfound.system.domain.DeptDO> com.lostfound.system.controller.UserController.tree()
2018-12-19 09:25:45 -Mapped "{[/sys/user/edit/{id}],methods=[GET]}" onto java.lang.String com.lostfound.system.controller.UserController.edit(org.springframework.ui.Model,java.lang.Long)
2018-12-19 09:25:45 -Mapped "{[/sys/user/treeView],methods=[GET]}" onto java.lang.String com.lostfound.system.controller.UserController.treeView()
2018-12-19 09:25:45 -Mapped "{[/sys/user/personal],methods=[GET]}" onto java.lang.String com.lostfound.system.controller.UserController.personal(org.springframework.ui.Model)
2018-12-19 09:25:45 -Mapped "{[/sys/user/resetPwd],methods=[POST]}" onto com.lostfound.common.utils.R com.lostfound.system.controller.UserController.resetPwd(com.lostfound.system.vo.UserVO)
2018-12-19 09:25:45 -Mapped "{[/sys/user/resetPwd/{id}],methods=[GET]}" onto java.lang.String com.lostfound.system.controller.UserController.resetPwd(java.lang.Long,org.springframework.ui.Model)
2018-12-19 09:25:45 -Mapped "{[/sys/user/adminResetPwd],methods=[POST]}" onto com.lostfound.common.utils.R com.lostfound.system.controller.UserController.adminResetPwd(com.lostfound.system.vo.UserVO)
2018-12-19 09:25:45 -Mapped "{[/sys/user/uploadImg],methods=[POST]}" onto com.lostfound.common.utils.R com.lostfound.system.controller.UserController.uploadImg(org.springframework.web.multipart.MultipartFile,java.lang.String,javax.servlet.http.HttpServletRequest)
2018-12-19 09:25:45 -Mapped "{[/sys/user/updatePeronal],methods=[POST]}" onto com.lostfound.common.utils.R com.lostfound.system.controller.UserController.updatePeronal(com.lostfound.system.domain.UserDO)
2018-12-19 09:25:45 -Mapped "{[/sys/user],methods=[GET]}" onto java.lang.String com.lostfound.system.controller.UserController.user(org.springframework.ui.Model)
2018-12-19 09:25:45 -Mapped "{[/v2/api-docs],methods=[GET],produces=[application/json || application/hal+json]}" onto public org.springframework.http.ResponseEntity<springfox.documentation.spring.web.json.Json> springfox.documentation.swagger2.web.Swagger2Controller.getDocumentation(java.lang.String,javax.servlet.http.HttpServletRequest)
2018-12-19 09:25:45 -Mapped "{[/swagger-resources/configuration/ui]}" onto org.springframework.http.ResponseEntity<springfox.documentation.swagger.web.UiConfiguration> springfox.documentation.swagger.web.ApiResourceController.uiConfiguration()
2018-12-19 09:25:45 -Mapped "{[/swagger-resources]}" onto org.springframework.http.ResponseEntity<java.util.List<springfox.documentation.swagger.web.SwaggerResource>> springfox.documentation.swagger.web.ApiResourceController.swaggerResources()
2018-12-19 09:25:45 -Mapped "{[/swagger-resources/configuration/security]}" onto org.springframework.http.ResponseEntity<springfox.documentation.swagger.web.SecurityConfiguration> springfox.documentation.swagger.web.ApiResourceController.securityConfiguration()
2018-12-19 09:25:45 -Initializing ExecutorService  'messageBrokerTaskScheduler'
2018-12-19 09:25:45 -Mapped URL path [/endpointChat/**] onto handler of type [class org.springframework.web.socket.sockjs.support.SockJsHttpRequestHandler]
2018-12-19 09:25:45 -Initializing ExecutorService  'brokerChannelExecutor'
2018-12-19 09:25:46 -Mapped URL path [/**/favicon.ico] onto handler of type [class org.springframework.web.servlet.resource.ResourceHttpRequestHandler]
2018-12-19 09:25:46 -Looking for @ControllerAdvice: org.springframework.boot.web.servlet.context.AnnotationConfigServletWebServerApplicationContext@3527942a: startup date [Wed Dec 19 09:25:27 CST 2018]; root of context hierarchy
2018-12-19 09:25:46 -Mapped URL path [/webjars/**] onto handler of type [class org.springframework.web.servlet.resource.ResourceHttpRequestHandler]
2018-12-19 09:25:46 -Mapped URL path [/**] onto handler of type [class org.springframework.web.servlet.resource.ResourceHttpRequestHandler]
2018-12-19 09:25:46 -Mapped URL path [/files/**] onto handler of type [class org.springframework.web.servlet.resource.ResourceHttpRequestHandler]
2018-12-19 09:25:46 -Detected @ExceptionHandler methods in BDExceptionHandler
2018-12-19 09:25:46 -[THYMELEAF][main] Template Mode 'LEGACYHTML5' is deprecated. Using Template Mode 'HTML' instead.
2018-12-19 09:25:49 -Registering beans for JMX exposure on startup
2018-12-19 09:25:49 -Bean with name 'dataSource' has been autodetected for JMX exposure
2018-12-19 09:25:49 -Located MBean 'dataSource': registering with JMX server as MBean [com.alibaba.druid.pool:name=dataSource,type=DruidDataSource]
2018-12-19 09:25:49 -Starting beans in phase 2147483647
2018-12-19 09:25:49 -Context refreshed
2018-12-19 09:25:49 -Found 1 custom documentation plugin(s)
2018-12-19 09:25:49 -Scanning for api listing references
2018-12-19 09:25:49 -Generating unique operation named: removeUsingPOST_1
2018-12-19 09:25:49 -Generating unique operation named: addUsingGET_1
2018-12-19 09:25:49 -Generating unique operation named: editUsingGET_1
2018-12-19 09:25:49 -Generating unique operation named: listUsingGET_1
2018-12-19 09:25:49 -Generating unique operation named: removeUsingPOST_2
2018-12-19 09:25:49 -Generating unique operation named: removeUsingPOST_3
2018-12-19 09:25:49 -Generating unique operation named: saveUsingPOST_1
2018-12-19 09:25:49 -Generating unique operation named: updateUsingGET_1
2018-12-19 09:25:49 -Generating unique operation named: updateUsingHEAD_1
2018-12-19 09:25:49 -Generating unique operation named: updateUsingPOST_1
2018-12-19 09:25:49 -Generating unique operation named: updateUsingPUT_1
2018-12-19 09:25:49 -Generating unique operation named: updateUsingPATCH_1
2018-12-19 09:25:49 -Generating unique operation named: updateUsingDELETE_1
2018-12-19 09:25:49 -Generating unique operation named: updateUsingOPTIONS_1
2018-12-19 09:25:49 -Generating unique operation named: updateUsingTRACE_1
2018-12-19 09:25:49 -Generating unique operation named: addUsingGET_2
2018-12-19 09:25:49 -Generating unique operation named: editUsingGET_2
2018-12-19 09:25:49 -Generating unique operation named: listUsingGET_2
2018-12-19 09:25:50 -Generating unique operation named: removeUsingPOST_4
2018-12-19 09:25:50 -Generating unique operation named: removeUsingPOST_5
2018-12-19 09:25:50 -Generating unique operation named: saveUsingPOST_2
2018-12-19 09:25:50 -Generating unique operation named: updateUsingGET_2
2018-12-19 09:25:50 -Generating unique operation named: updateUsingHEAD_2
2018-12-19 09:25:50 -Generating unique operation named: updateUsingPOST_2
2018-12-19 09:25:50 -Generating unique operation named: updateUsingPUT_2
2018-12-19 09:25:50 -Generating unique operation named: updateUsingPATCH_2
2018-12-19 09:25:50 -Generating unique operation named: updateUsingDELETE_2
2018-12-19 09:25:50 -Generating unique operation named: updateUsingOPTIONS_2
2018-12-19 09:25:50 -Generating unique operation named: updateUsingTRACE_2
2018-12-19 09:25:50 -Generating unique operation named: addUsingGET_3
2018-12-19 09:25:50 -Generating unique operation named: editUsingGET_3
2018-12-19 09:25:50 -Generating unique operation named: listUsingGET_3
2018-12-19 09:25:50 -Generating unique operation named: removeUsingPOST_6
2018-12-19 09:25:50 -Generating unique operation named: removeUsingPOST_7
2018-12-19 09:25:50 -Generating unique operation named: saveUsingPOST_3
2018-12-19 09:25:50 -Generating unique operation named: updateUsingGET_3
2018-12-19 09:25:50 -Generating unique operation named: updateUsingHEAD_3
2018-12-19 09:25:50 -Generating unique operation named: updateUsingPOST_3
2018-12-19 09:25:50 -Generating unique operation named: updateUsingPUT_3
2018-12-19 09:25:50 -Generating unique operation named: updateUsingPATCH_3
2018-12-19 09:25:50 -Generating unique operation named: updateUsingDELETE_3
2018-12-19 09:25:50 -Generating unique operation named: updateUsingOPTIONS_3
2018-12-19 09:25:50 -Generating unique operation named: updateUsingTRACE_3
2018-12-19 09:25:50 -Generating unique operation named: editUsingGET_4
2018-12-19 09:25:50 -Generating unique operation named: listUsingGET_4
2018-12-19 09:25:50 -Generating unique operation named: updateUsingPOST_4
2018-12-19 09:25:50 -Generating unique operation named: addUsingGET_4
2018-12-19 09:25:50 -Generating unique operation named: editUsingGET_5
2018-12-19 09:25:50 -Generating unique operation named: infoUsingGET_1
2018-12-19 09:25:50 -Generating unique operation named: infoUsingHEAD_1
2018-12-19 09:25:50 -Generating unique operation named: infoUsingPOST_1
2018-12-19 09:25:50 -Generating unique operation named: infoUsingPUT_1
2018-12-19 09:25:50 -Generating unique operation named: infoUsingPATCH_1
2018-12-19 09:25:50 -Generating unique operation named: infoUsingDELETE_1
2018-12-19 09:25:50 -Generating unique operation named: infoUsingOPTIONS_1
2018-12-19 09:25:50 -Generating unique operation named: infoUsingTRACE_1
2018-12-19 09:25:50 -Generating unique operation named: listUsingGET_5
2018-12-19 09:25:50 -Generating unique operation named: removeUsingPOST_8
2018-12-19 09:25:50 -Generating unique operation named: removeUsingPOST_9
2018-12-19 09:25:50 -Generating unique operation named: saveUsingPOST_4
2018-12-19 09:25:50 -Generating unique operation named: updateUsingPOST_5
2018-12-19 09:25:50 -Generating unique operation named: listUsingGET_6
2018-12-19 09:25:50 -Generating unique operation named: removeUsingPOST_10
2018-12-19 09:25:50 -Generating unique operation named: loginUsingGET_1
2018-12-19 09:25:50 -Generating unique operation named: loginUsingGET_2
2018-12-19 09:25:50 -Generating unique operation named: addUsingGET_5
2018-12-19 09:25:50 -Generating unique operation named: editUsingGET_6
2018-12-19 09:25:50 -Generating unique operation named: listUsingGET_7
2018-12-19 09:25:50 -Generating unique operation named: removeUsingPOST_11
2018-12-19 09:25:50 -Generating unique operation named: saveUsingPOST_5
2018-12-19 09:25:50 -Generating unique operation named: treeUsingGET_1
2018-12-19 09:25:50 -Generating unique operation named: treeUsingGET_2
2018-12-19 09:25:50 -Generating unique operation named: updateUsingPOST_6
2018-12-19 09:25:50 -Generating unique operation named: batchRemoveUsingPOST_1
2018-12-19 09:25:50 -Generating unique operation named: editUsingGET_7
2018-12-19 09:25:51 -Generating unique operation named: listUsingGET_8
2018-12-19 09:25:51 -Generating unique operation named: addUsingGET_6
2018-12-19 09:25:51 -Generating unique operation named: editUsingGET_8
2018-12-19 09:25:51 -Generating unique operation named: listUsingGET_9
2018-12-19 09:25:51 -Generating unique operation named: removeUsingPOST_12
2018-12-19 09:25:51 -Generating unique operation named: removeUsingPOST_13
2018-12-19 09:25:51 -Generating unique operation named: saveUsingPOST_6
2018-12-19 09:25:51 -Generating unique operation named: updateUsingGET_4
2018-12-19 09:25:51 -Generating unique operation named: updateUsingHEAD_4
2018-12-19 09:25:51 -Generating unique operation named: updateUsingPOST_7
2018-12-19 09:25:51 -Generating unique operation named: updateUsingPUT_4
2018-12-19 09:25:51 -Generating unique operation named: updateUsingPATCH_4
2018-12-19 09:25:51 -Generating unique operation named: updateUsingDELETE_4
2018-12-19 09:25:51 -Generating unique operation named: updateUsingOPTIONS_4
2018-12-19 09:25:51 -Generating unique operation named: updateUsingTRACE_4
2018-12-19 09:25:51 -Generating unique operation named: addUsingGET_7
2018-12-19 09:25:51 -Generating unique operation named: batchRemoveUsingPOST_2
2018-12-19 09:25:51 -Generating unique operation named: deployUsingPOST_1
2018-12-19 09:25:51 -Generating unique operation named: listUsingGET_10
2018-12-19 09:25:51 -Generating unique operation named: removeUsingPOST_14
2018-12-19 09:25:51 -Generating unique operation named: addUsingGET_8
2018-12-19 09:25:51 -Generating unique operation named: batchRemoveUsingPOST_3
2018-12-19 09:25:51 -Generating unique operation named: editUsingGET_9
2018-12-19 09:25:51 -Generating unique operation named: listUsingGET_11
2018-12-19 09:25:51 -Generating unique operation named: saveUsingPOST_7
2018-12-19 09:25:51 -Generating unique operation named: saveUsingPOST_8
2018-12-19 09:25:51 -Generating unique operation named: updateUsingPOST_8
2018-12-19 09:25:51 -Generating unique operation named: addUsingGET_9
2018-12-19 09:25:51 -Generating unique operation named: editUsingGET_10
2018-12-19 09:25:51 -Generating unique operation named: listUsingGET_12
2018-12-19 09:25:51 -Generating unique operation named: removeUsingPOST_15
2018-12-19 09:25:51 -Generating unique operation named: removeUsingPOST_16
2018-12-19 09:25:51 -Generating unique operation named: updateUsingGET_5
2018-12-19 09:25:51 -Generating unique operation named: updateUsingHEAD_5
2018-12-19 09:25:51 -Generating unique operation named: updateUsingPOST_9
2018-12-19 09:25:51 -Generating unique operation named: updateUsingPUT_5
2018-12-19 09:25:51 -Generating unique operation named: updateUsingPATCH_5
2018-12-19 09:25:51 -Generating unique operation named: updateUsingDELETE_5
2018-12-19 09:25:51 -Generating unique operation named: updateUsingOPTIONS_5
2018-12-19 09:25:51 -Generating unique operation named: updateUsingTRACE_5
2018-12-19 09:25:51 -Generating unique operation named: listUsingGET_13
2018-12-19 09:25:51 -Generating unique operation named: listUsingHEAD_1
2018-12-19 09:25:51 -Generating unique operation named: listUsingPOST_1
2018-12-19 09:25:51 -Generating unique operation named: listUsingPUT_1
2018-12-19 09:25:51 -Generating unique operation named: listUsingPATCH_1
2018-12-19 09:25:51 -Generating unique operation named: listUsingDELETE_1
2018-12-19 09:25:51 -Generating unique operation named: listUsingOPTIONS_1
2018-12-19 09:25:51 -Generating unique operation named: listUsingTRACE_1
2018-12-19 09:25:51 -Generating unique operation named: listUsingGET_14
2018-12-19 09:25:51 -Generating unique operation named: addUsingGET_10
2018-12-19 09:25:51 -Generating unique operation named: batchRemoveUsingPOST_4
2018-12-19 09:25:51 -Generating unique operation named: editUsingGET_11
2018-12-19 09:25:51 -Generating unique operation named: listUsingGET_15
2018-12-19 09:25:51 -Generating unique operation named: removeUsingPOST_17
2018-12-19 09:25:51 -Generating unique operation named: saveUsingPOST_9
2018-12-19 09:25:51 -Generating unique operation named: treeUsingGET_3
2018-12-19 09:25:51 -Generating unique operation named: treeViewUsingGET_1
2018-12-19 09:25:51 -Generating unique operation named: updateUsingPOST_10
2018-12-19 09:25:51 -Starting Quartz Scheduler now
2018-12-19 09:25:51 -Scheduler schedulerFactoryBean_$_NON_CLUSTERED started.
2018-12-19 09:25:51 -Starting...
2018-12-19 09:25:51 -BrokerAvailabilityEvent[available=true, SimpleBrokerMessageHandler [DefaultSubscriptionRegistry[cache[0 destination(s)], registry[0 sessions]]]]
2018-12-19 09:25:51 -Started.
2018-12-19 09:25:51 -Starting ProtocolHandler ["http-nio-80"]
2018-12-19 09:25:51 -Using a shared selector for servlet write/read
2018-12-19 09:25:52 -Tomcat started on port(s): 80 (http) with context path ''
2018-12-19 09:25:52 -Started LostAndFoundApplication in 27.775 seconds (JVM running for 29.06)
2018-12-19 09:25:52 -{conn-10001, pstmt-20001} execute error. select `id`,`cron_expression`,`method_name`,`is_concurrent`,`description`,`update_by`,`bean_class`,`create_date`,`job_status`,`job_group`,`update_date`,`create_by`,`spring_bean`,`job_name` from sys_task
          
         
                order by id desc
com.mysql.jdbc.exceptions.jdbc4.MySQLSyntaxErrorException: Table 'lostandfound.sys_task' doesn't exist
	at sun.reflect.NativeConstructorAccessorImpl.newInstance0(Native Method)
	at sun.reflect.NativeConstructorAccessorImpl.newInstance(NativeConstructorAccessorImpl.java:62)
	at sun.reflect.DelegatingConstructorAccessorImpl.newInstance(DelegatingConstructorAccessorImpl.java:45)
	at java.lang.reflect.Constructor.newInstance(Constructor.java:423)
	at com.mysql.jdbc.Util.handleNewInstance(Util.java:425)
	at com.mysql.jdbc.Util.getInstance(Util.java:408)
	at com.mysql.jdbc.SQLError.createSQLException(SQLError.java:944)
	at com.mysql.jdbc.MysqlIO.checkErrorPacket(MysqlIO.java:3976)
	at com.mysql.jdbc.MysqlIO.checkErrorPacket(MysqlIO.java:3912)
	at com.mysql.jdbc.MysqlIO.sendCommand(MysqlIO.java:2530)
	at com.mysql.jdbc.MysqlIO.sqlQueryDirect(MysqlIO.java:2683)
	at com.mysql.jdbc.ConnectionImpl.execSQL(ConnectionImpl.java:2486)
	at com.mysql.jdbc.PreparedStatement.executeInternal(PreparedStatement.java:1858)
	at com.mysql.jdbc.PreparedStatement.execute(PreparedStatement.java:1197)
	at com.alibaba.druid.filter.FilterChainImpl.preparedStatement_execute(FilterChainImpl.java:2931)
	at com.alibaba.druid.filter.FilterEventAdapter.preparedStatement_execute(FilterEventAdapter.java:440)
	at com.alibaba.druid.filter.FilterChainImpl.preparedStatement_execute(FilterChainImpl.java:2929)
	at com.alibaba.druid.wall.WallFilter.preparedStatement_execute(WallFilter.java:601)
	at com.alibaba.druid.filter.FilterChainImpl.preparedStatement_execute(FilterChainImpl.java:2929)
	at com.alibaba.druid.filter.FilterEventAdapter.preparedStatement_execute(FilterEventAdapter.java:440)
	at com.alibaba.druid.filter.FilterChainImpl.preparedStatement_execute(FilterChainImpl.java:2929)
	at com.alibaba.druid.proxy.jdbc.PreparedStatementProxyImpl.execute(PreparedStatementProxyImpl.java:131)
	at com.alibaba.druid.pool.DruidPooledPreparedStatement.execute(DruidPooledPreparedStatement.java:493)
	at org.apache.ibatis.executor.statement.PreparedStatementHandler.query(PreparedStatementHandler.java:63)
	at org.apache.ibatis.executor.statement.RoutingStatementHandler.query(RoutingStatementHandler.java:79)
	at org.apache.ibatis.executor.SimpleExecutor.doQuery(SimpleExecutor.java:63)
	at org.apache.ibatis.executor.BaseExecutor.queryFromDatabase(BaseExecutor.java:324)
	at org.apache.ibatis.executor.BaseExecutor.query(BaseExecutor.java:156)
	at org.apache.ibatis.executor.CachingExecutor.query(CachingExecutor.java:109)
	at org.apache.ibatis.executor.CachingExecutor.query(CachingExecutor.java:83)
	at org.apache.ibatis.session.defaults.DefaultSqlSession.selectList(DefaultSqlSession.java:148)
	at org.apache.ibatis.session.defaults.DefaultSqlSession.selectList(DefaultSqlSession.java:141)
	at sun.reflect.NativeMethodAccessorImpl.invoke0(Native Method)
	at sun.reflect.NativeMethodAccessorImpl.invoke(NativeMethodAccessorImpl.java:62)
	at sun.reflect.DelegatingMethodAccessorImpl.invoke(DelegatingMethodAccessorImpl.java:43)
	at java.lang.reflect.Method.invoke(Method.java:498)
	at org.mybatis.spring.SqlSessionTemplate$SqlSessionInterceptor.invoke(SqlSessionTemplate.java:434)
	at com.sun.proxy.$Proxy105.selectList(Unknown Source)
	at org.mybatis.spring.SqlSessionTemplate.selectList(SqlSessionTemplate.java:231)
	at org.apache.ibatis.binding.MapperMethod.executeForMany(MapperMethod.java:137)
	at org.apache.ibatis.binding.MapperMethod.execute(MapperMethod.java:75)
	at org.apache.ibatis.binding.MapperProxy.invoke(MapperProxy.java:59)
	at com.sun.proxy.$Proxy116.list(Unknown Source)
	at com.lostfound.common.service.impl.JobServiceImpl.initSchedule(JobServiceImpl.java:82)
	at com.lostfound.common.listenner.ScheduleJobInitListener.run(ScheduleJobInitListener.java:24)
	at org.springframework.boot.SpringApplication.callRunner(SpringApplication.java:797)
	at org.springframework.boot.SpringApplication.callRunners(SpringApplication.java:781)
	at org.springframework.boot.SpringApplication.run(SpringApplication.java:335)
	at org.springframework.boot.SpringApplication.run(SpringApplication.java:1255)
	at org.springframework.boot.SpringApplication.run(SpringApplication.java:1243)
	at com.lostfound.LostAndFoundApplication.main(LostAndFoundApplication.java:20)
2018-12-19 09:25:52 -Loading XML bean definitions from class path resource [org/springframework/jdbc/support/sql-error-codes.xml]
2018-12-19 09:25:52 -SQLErrorCodes loaded: [DB2, Derby, H2, HDB, HSQL, Informix, MS-SQL, MySQL, Oracle, PostgreSQL, Sybase]
2018-12-19 09:26:45 -WebSocketSession[0 current WS(0)-HttpStream(0)-HttpPoll(0), 0 total, 0 closed abnormally (0 connect failure, 0 send limit, 0 transport error)], stompSubProtocol[processed CONNECT(0)-CONNECTED(0)-DISCONNECT(0)], stompBrokerRelay[null], inboundChannel[pool size = 0, active threads = 0, queued tasks = 0, completed tasks = 0], outboundChannelpool size = 0, active threads = 0, queued tasks = 0, completed tasks = 0], sockJsScheduler[pool size = 1, active threads = 1, queued tasks = 0, completed tasks = 0]
